#
# A fatal error has been detected by the Java Runtime Environment:
#
#  EXCEPTION_ACCESS_VIOLATION (0xc0000005) at pc=0x000000006e8e33d0, pid=8796, tid=0x0000000000001ba0
#
# JRE version: OpenJDK Runtime Environment (8.0_242-b01) (build 1.8.0_242-release-1644-b01)
# Java VM: OpenJDK 64-Bit Server VM (25.242-b01 mixed mode windows-amd64 compressed oops)
# Problematic frame:
# V  [jvm.dll+0x4733d0]
#
# Failed to write core dump. Minidumps are not enabled by default on client versions of Windows
#
# If you would like to submit a bug report, please visit:
#   
#

---------------  T H R E A D  ---------------

Current thread (0x000000001788b000):  JavaThread "C2 CompilerThread1" daemon [_thread_in_native, id=7072, stack(0x0000000018fc0000,0x00000000190c0000)]

siginfo: ExceptionCode=0xc0000005, reading address 0x000040006ec3f750

Registers:
RAX=0x0000000000000000, RBX=0x00000000299205f0, RCX=0x000040006ec3f750, RDX=0x0000000000000000
RSP=0x00000000190bc4a0, RBP=0x0000000000000006, RSI=0x0000000000000030, RDI=0x00000000190bc4f0
R8 =0x0000000000400000, R9 =0x00000000207e2ec0, R10=0x000000006e470000, R11=0x00000000190bc2c0
R12=0x000000006ec3f750, R13=0x000000006e470000, R14=0x000000001d865b98, R15=0x00000000000003d8
RIP=0x000000006e8e33d0, EFLAGS=0x0000000000010246

Top of Stack: (sp=0x00000000190bc4a0)
0x00000000190bc4a0:   00000000190bec70 000000002998da10
0x00000000190bc4b0:   fffffffffffffff8 0000000017844cc0
0x00000000190bc4c0:   0000000000000b36 000000006e8de49f
0x00000000190bc4d0:   0000000029990030 00000000299205f0
0x00000000190bc4e0:   0000000000000b36 00000000190bc5d0
0x00000000190bc4f0:   0000000a00000000 0000000000000001
0x00000000190bc500:   000040006ec3f750 0000000000000001
0x00000000190bc510:   0000000025d521a0 000000000000003a
0x00000000190bc520:   0000000029990210 00000000190bc8c0
0x00000000190bc530:   000000001d8657c0 00000000190bc8c0
0x00000000190bc540:   000000001d8657b0 000000006e8aac11
0x00000000190bc550:   0000000000000000 00000000190bc650
0x00000000190bc560:   0000000000000000 0000000000000011
0x00000000190bc570:   0000000000000006 000000001d8657b0
0x00000000190bc580:   00000000207db3c0 00000000207e3050
0x00000000190bc590:   00000000207e33a8 0000000000e40300 

Instructions: (pc=0x000000006e8e33d0)
0x000000006e8e33b0:   48 8b 4f 20 48 39 04 0e 0f 84 9d 00 00 00 48 8b
0x000000006e8e33c0:   0c 0e 33 d2 33 c0 48 89 4f 10 66 0f 1f 44 00 00
0x000000006e8e33d0:   83 3c 08 00 0f 85 36 01 00 00 ff c2 48 83 c0 04
0x000000006e8e33e0:   83 fa 08 72 eb 48 8b 47 30 48 89 44 24 30 48 85 


Register to memory mapping:

RAX=0x0000000000000000 is an unknown value
RBX=0x00000000299205f0 is an unknown value
RCX=0x000040006ec3f750 is an unknown value
RDX=0x0000000000000000 is an unknown value
RSP=0x00000000190bc4a0 is pointing into the stack for thread: 0x000000001788b000
RBP=0x0000000000000006 is an unknown value
RSI=0x0000000000000030 is an unknown value
RDI=0x00000000190bc4f0 is pointing into the stack for thread: 0x000000001788b000
R8 =0x0000000000400000 is an unknown value
R9 =0x00000000207e2ec0 is an unknown value
R10=0x000000006e470000 is an unknown value
R11=0x00000000190bc2c0 is pointing into the stack for thread: 0x000000001788b000
R12=0x000000006ec3f750 is an unknown value
R13=0x000000006e470000 is an unknown value
R14=0x000000001d865b98 is an unknown value
R15=0x00000000000003d8 is an unknown value


Stack: [0x0000000018fc0000,0x00000000190c0000],  sp=0x00000000190bc4a0,  free space=1009k
Native frames: (J=compiled Java code, j=interpreted, Vv=VM code, C=native code)
V  [jvm.dll+0x4733d0]
V  [jvm.dll+0x46e49f]
V  [jvm.dll+0x43ac11]
V  [jvm.dll+0x4456ab]
V  [jvm.dll+0x447fa8]
V  [jvm.dll+0x42b072]
V  [jvm.dll+0x8230f]
V  [jvm.dll+0x82c7f]
V  [jvm.dll+0x220b7f]
V  [jvm.dll+0x27276a]
C  [msvcr100.dll+0x21d9f]
C  [msvcr100.dll+0x21e3b]
C  [KERNEL32.DLL+0x13034]
C  [ntdll.dll+0x71551]


Current CompileTask:
C2: 404023 24911       4       com.sun.tools.javac.comp.Resolve::findMethod (432 bytes)


---------------  P R O C E S S  ---------------

Java Threads: ( => current thread )
  0x000000002240f000 JavaThread "RMI TCP Connection(5)-127.0.0.1" daemon [_thread_in_native, id=10384, stack(0x000000002e4e0000,0x000000002e5e0000)]
  0x0000000022414000 JavaThread "RMI RenewClean-[127.0.0.1:17558,org.jetbrains.kotlin.daemon.common.LoopbackNetworkInterface$ClientLoopbackSocketFactory@71be67dd]" daemon [_thread_blocked, id=8516, stack(0x000000002e3e0000,0x000000002e4e0000)]
  0x0000000022413800 JavaThread "RMI RenewClean-[127.0.0.1:17396,org.jetbrains.kotlin.daemon.common.LoopbackNetworkInterface$ClientLoopbackSocketFactory@d78fc]" daemon [_thread_blocked, id=6740, stack(0x000000002e2e0000,0x000000002e3e0000)]
  0x0000000022410800 JavaThread "RMI TCP Connection(idle)" daemon [_thread_blocked, id=7872, stack(0x000000002e1e0000,0x000000002e2e0000)]
  0x0000000022412800 JavaThread "RMI Reaper" [_thread_blocked, id=2368, stack(0x000000002e0e0000,0x000000002e1e0000)]
  0x0000000022412000 JavaThread "RMI TCP Accept-0" daemon [_thread_in_native, id=6176, stack(0x000000002dfe0000,0x000000002e0e0000)]
  0x0000000022407800 JavaThread "GC Daemon" daemon [_thread_blocked, id=11944, stack(0x000000002dbe0000,0x000000002dce0000)]
  0x000000002240c000 JavaThread "RMI Scheduler(0)" daemon [_thread_blocked, id=6448, stack(0x000000002d9e0000,0x000000002dae0000)]
  0x000000001b3c5800 JavaThread "WorkerExecutor Queue Thread 8" [_thread_blocked, id=11552, stack(0x000000002d4e0000,0x000000002d5e0000)]
  0x000000001b3c8800 JavaThread "WorkerExecutor Queue Thread 7" [_thread_blocked, id=1716, stack(0x000000002d3e0000,0x000000002d4e0000)]
  0x0000000025669800 JavaThread "WorkerExecutor Queue Thread 6" [_thread_blocked, id=2064, stack(0x000000002d2e0000,0x000000002d3e0000)]
  0x0000000025666800 JavaThread "stdout" [_thread_in_native, id=8164, stack(0x000000002d1e0000,0x000000002d2e0000)]
  0x000000002566c000 JavaThread "stderr" [_thread_in_native, id=4500, stack(0x000000002d0e0000,0x000000002d1e0000)]
  0x0000000025668000 JavaThread "stdout" [_thread_in_native, id=5056, stack(0x000000002cfe0000,0x000000002d0e0000)]
  0x000000002566b000 JavaThread "stderr" [_thread_in_native, id=9164, stack(0x000000002cee0000,0x000000002cfe0000)]
  0x0000000025667800 JavaThread "stdout" [_thread_in_native, id=10300, stack(0x000000002cde0000,0x000000002cee0000)]
  0x000000002566a800 JavaThread "stdout" [_thread_in_native, id=9908, stack(0x000000002cce0000,0x000000002cde0000)]
  0x000000002565f000 JavaThread "stderr" [_thread_in_native, id=6488, stack(0x000000002cbe0000,0x000000002cce0000)]
  0x0000000025666000 JavaThread "stderr" [_thread_in_native, id=6016, stack(0x000000002cae0000,0x000000002cbe0000)]
  0x000000002565e800 JavaThread "pool-16-thread-1" [_thread_blocked, id=5100, stack(0x000000002c9e0000,0x000000002cae0000)]
  0x0000000025663800 JavaThread "Cache worker for Java compile cache (C:\Users\Dell\AndroidStudioProjects\DatingApp\.gradle\6.1.1\javaCompile)" [_thread_blocked, id=11060, stack(0x000000002b910000,0x000000002ba10000)]
  0x0000000025660000 JavaThread "Cache worker for Java compile cache (C:\Users\Dell\.gradle\caches\6.1.1\javaCompile)" [_thread_blocked, id=7024, stack(0x000000002b810000,0x000000002b910000)]
  0x000000002565d800 JavaThread "WorkerExecutor Queue Thread 4" [_thread_blocked, id=4148, stack(0x000000002b710000,0x000000002b810000)]
  0x000000001b3c5000 JavaThread "Cache worker for execution history cache (C:\Users\Dell\AndroidStudioProjects\DatingApp\.gradle\6.1.1\executionHistory)" [_thread_blocked, id=2272, stack(0x000000002b210000,0x000000002b310000)]
  0x000000001b51f800 JavaThread "Execution worker for ':' Thread 3" [_thread_blocked, id=11972, stack(0x000000002b110000,0x000000002b210000)]
  0x000000001b522800 JavaThread "Execution worker for ':' Thread 2" [_thread_in_native, id=10400, stack(0x000000002b010000,0x000000002b110000)]
  0x000000001b51e800 JavaThread "Execution worker for ':'" [_thread_blocked, id=2944, stack(0x000000002af10000,0x000000002b010000)]
  0x000000001b51d000 JavaThread "Cache worker for file content cache (C:\Users\Dell\AndroidStudioProjects\DatingApp\.gradle\6.1.1\fileContent)" [_thread_blocked, id=2676, stack(0x000000002ae10000,0x000000002af10000)]
  0x000000001b51e000 JavaThread "Cache worker for file content cache (C:\Users\Dell\.gradle\caches\6.1.1\fileContent)" [_thread_blocked, id=10068, stack(0x000000002ad10000,0x000000002ae10000)]
  0x000000001b521800 JavaThread "Memory manager" [_thread_blocked, id=6964, stack(0x000000002ac10000,0x000000002ad10000)]
  0x000000001b517000 JavaThread "Cache worker for Build Output Cleanup Cache (C:\Users\Dell\AndroidStudioProjects\DatingApp\.gradle\buildOutputCleanup)" [_thread_blocked, id=4912, stack(0x000000002ab10000,0x000000002ac10000)]
  0x000000001b516800 JavaThread "Build operations Thread 4" [_thread_blocked, id=1544, stack(0x000000002aa10000,0x000000002ab10000)]
  0x000000001b51b800 JavaThread "Build operations Thread 3" [_thread_blocked, id=5988, stack(0x000000002a910000,0x000000002aa10000)]
  0x000000001b514000 JavaThread "Build operations Thread 2" [_thread_blocked, id=3308, stack(0x000000002a810000,0x000000002a910000)]
  0x000000001b515800 JavaThread "Build operations" [_thread_blocked, id=8024, stack(0x000000002a710000,0x000000002a810000)]
  0x000000001b51b000 JavaThread "Cache worker for cache directory md-rule (C:\Users\Dell\.gradle\caches\6.1.1\md-rule)" [_thread_blocked, id=484, stack(0x000000002a610000,0x000000002a710000)]
  0x000000001b513800 JavaThread "Cache worker for cache directory md-supplier (C:\Users\Dell\.gradle\caches\6.1.1\md-supplier)" [_thread_blocked, id=7680, stack(0x000000002a510000,0x000000002a610000)]
  0x000000001b51a000 JavaThread "Cache worker for file hash cache (C:\Users\Dell\AndroidStudioProjects\DatingApp\.gradle\6.1.1\fileHashes)" [_thread_blocked, id=9836, stack(0x000000002a410000,0x000000002a510000)]
  0x000000001ec5d000 JavaThread "Cache worker for checksums cache (C:\Users\Dell\AndroidStudioProjects\DatingApp\.gradle\checksums)" [_thread_blocked, id=992, stack(0x000000002a310000,0x000000002a410000)]
  0x000000001ec5c000 JavaThread "Thread-43" [_thread_blocked, id=6944, stack(0x000000002a210000,0x000000002a310000)]
  0x000000001ec5b800 JavaThread "Asynchronous log dispatcher for DefaultDaemonConnection: socket connection from /127.0.0.1:53909 to /127.0.0.1:53927" [_thread_blocked, id=5564, stack(0x000000002a010000,0x000000002a110000)]
  0x000000001ec53000 JavaThread "Cancel handler" [_thread_blocked, id=9244, stack(0x0000000029f10000,0x000000002a010000)]
  0x000000001ec4e800 JavaThread "Handler for socket connection from /127.0.0.1:53909 to /127.0.0.1:53927" [_thread_in_native, id=2500, stack(0x0000000029e10000,0x0000000029f10000)]
  0x000000001b518800 JavaThread "Daemon worker Thread 2" [_thread_blocked, id=10328, stack(0x0000000028e10000,0x0000000028f10000)]
  0x000000001b519800 JavaThread "Daemon Thread 2" [_thread_blocked, id=4352, stack(0x0000000028b10000,0x0000000028c10000)]
  0x000000001b3c8000 JavaThread "Cache worker for execution history cache (C:\Users\Dell\.gradle\caches\6.1.1\executionHistory)" [_thread_blocked, id=9284, stack(0x00000000211b0000,0x00000000212b0000)]
  0x000000001b3ca000 JavaThread "Cache worker for file hash cache (C:\Users\Dell\.gradle\caches\6.1.1\fileHashes)" [_thread_blocked, id=6668, stack(0x000000001d5e0000,0x000000001d6e0000)]
  0x000000001b3c3800 JavaThread "File lock request listener" [_thread_in_native, id=11344, stack(0x000000001d4e0000,0x000000001d5e0000)]
  0x000000001a47e800 JavaThread "Cache worker for journal cache (C:\Users\Dell\.gradle\caches\journal-1)" [_thread_blocked, id=8720, stack(0x000000001d3e0000,0x000000001d4e0000)]
  0x000000001b2bc800 JavaThread "Daemon periodic checks" [_thread_blocked, id=4584, stack(0x000000001c7e0000,0x000000001c8e0000)]
  0x000000001b2bf800 JavaThread "Incoming local TCP Connector on port 53909" [_thread_in_native, id=6032, stack(0x000000001c5a0000,0x000000001c6a0000)]
  0x0000000019817000 JavaThread "Daemon health stats" [_thread_blocked, id=5256, stack(0x000000001bf60000,0x000000001c060000)]
  0x00000000178dd000 JavaThread "Service Thread" daemon [_thread_blocked, id=7920, stack(0x00000000195c0000,0x00000000196c0000)]
  0x0000000017894800 JavaThread "C1 CompilerThread2" daemon [_thread_blocked, id=1552, stack(0x00000000190c0000,0x00000000191c0000)]
=>0x000000001788b000 JavaThread "C2 CompilerThread1" daemon [_thread_in_native, id=7072, stack(0x0000000018fc0000,0x00000000190c0000)]
  0x000000001788a000 JavaThread "C2 CompilerThread0" daemon [_thread_in_native, id=892, stack(0x0000000018ec0000,0x0000000018fc0000)]
  0x0000000017886800 JavaThread "Attach Listener" daemon [_thread_blocked, id=10656, stack(0x0000000018dc0000,0x0000000018ec0000)]
  0x0000000017885800 JavaThread "Signal Dispatcher" daemon [_thread_blocked, id=3196, stack(0x0000000018cc0000,0x0000000018dc0000)]
  0x0000000002c5c000 JavaThread "Finalizer" daemon [_thread_blocked, id=11200, stack(0x0000000018ad0000,0x0000000018bd0000)]
  0x0000000017869000 JavaThread "Reference Handler" daemon [_thread_blocked, id=6272, stack(0x00000000189d0000,0x0000000018ad0000)]
  0x0000000002b62800 JavaThread "main" [_thread_blocked, id=7708, stack(0x0000000002a60000,0x0000000002b60000)]

Other Threads:
  0x0000000017846000 VMThread [stack: 0x00000000188d0000,0x00000000189d0000] [id=7948]
  0x00000000178de800 WatcherThread [stack: 0x00000000196c0000,0x00000000197c0000] [id=116]

VM state:not at safepoint (normal execution)

VM Mutex/Monitor currently owned by a thread: None

heap address: 0x0000000080000000, size: 2048 MB, Compressed Oops mode: 32-bit
Narrow klass base: 0x0000000000000000, Narrow klass shift: 3
Compressed class space size: 1073741824 Address: 0x0000000100000000

Heap:
 PSYoungGen      total 605184K, used 309288K [0x00000000d5580000, 0x00000000ff900000, 0x0000000100000000)
  eden space 517120K, 52% used [0x00000000d5580000,0x00000000e610fe70,0x00000000f4e80000)
  from space 88064K, 40% used [0x00000000f4e80000,0x00000000f70fa2a8,0x00000000fa480000)
  to   space 82944K, 0% used [0x00000000fa800000,0x00000000fa800000,0x00000000ff900000)
 ParOldGen       total 257536K, used 182175K [0x0000000080000000, 0x000000008fb80000, 0x00000000d5580000)
  object space 257536K, 70% used [0x0000000080000000,0x000000008b1e7e90,0x000000008fb80000)
 Metaspace       used 117274K, capacity 124806K, committed 124968K, reserved 1157120K
  class space    used 15040K, capacity 16625K, committed 16680K, reserved 1048576K

Card table byte_map: [0x0000000012020000,0x0000000012430000] byte_map_base: 0x0000000011c20000

Marking Bits: (ParMarkBitMap*) 0x000000006ec3f030
 Begin Bits: [0x0000000012ae0000, 0x0000000014ae0000)
 End Bits:   [0x0000000014ae0000, 0x0000000016ae0000)

Polling page: 0x0000000001060000

CodeCache: size=245760Kb used=71809Kb max_used=71830Kb free=173950Kb
 bounds [0x0000000002c60000, 0x00000000072e0000, 0x0000000011c60000]
 total_blobs=20878 nmethods=19906 adapters=883
 compilation: enabled

Compilation events (10 events):
Event: 403.725 Thread 0x0000000017894800 nmethod 25026 0x00000000072c3b10 code [0x00000000072c3c80, 0x00000000072c3f68]
Event: 403.725 Thread 0x0000000017894800 25028       3       com.sun.tools.javac.code.Symbol$MethodSymbol::getParameters (5 bytes)
Event: 403.726 Thread 0x0000000017894800 nmethod 25028 0x00000000072c71d0 code [0x00000000072c7340, 0x00000000072c7548]
Event: 403.726 Thread 0x0000000017894800 25031       3       com.sun.tools.javac.code.Type$ClassType::asElement (5 bytes)
Event: 403.726 Thread 0x0000000017894800 nmethod 25031 0x00000000072c6e90 code [0x00000000072c6fe0, 0x00000000072c7150]
Event: 403.728 Thread 0x0000000017894800 25032       3       com.sun.tools.javac.code.Symbol$TypeSymbol::getEnclosedElements (92 bytes)
Event: 403.729 Thread 0x000000001788a000 25034       4       javax.lang.model.util.ElementScanner6::scan (48 bytes)
Event: 403.730 Thread 0x0000000017894800 nmethod 25032 0x00000000072c5e50 code [0x00000000072c6040, 0x00000000072c6a88]
Event: 403.730 Thread 0x0000000017894800 25033       3       com.sun.tools.javac.code.Type::getModelType (2 bytes)
Event: 403.731 Thread 0x0000000017894800 nmethod 25033 0x00000000072cba50 code [0x00000000072cbba0, 0x00000000072cbcf0]

GC Heap History (10 events):
Event: 300.009 GC heap before
{Heap before GC invocations=25 (full 4):
 PSYoungGen      total 524800K, used 515154K [0x00000000d5580000, 0x00000000fc500000, 0x0000000100000000)
  eden space 452608K, 100% used [0x00000000d5580000,0x00000000f0f80000,0x00000000f0f80000)
  from space 72192K, 86% used [0x00000000f5d80000,0x00000000f9a94a50,0x00000000fa400000)
  to   space 79872K, 0% used [0x00000000f0f80000,0x00000000f0f80000,0x00000000f5d80000)
 ParOldGen       total 257536K, used 138312K [0x0000000080000000, 0x000000008fb80000, 0x00000000d5580000)
  object space 257536K, 53% used [0x0000000080000000,0x0000000088712320,0x000000008fb80000)
 Metaspace       used 109703K, capacity 116846K, committed 116904K, reserved 1150976K
  class space    used 14212K, capacity 15726K, committed 15784K, reserved 1048576K
Event: 300.134 GC heap after
Heap after GC invocations=25 (full 4):
 PSYoungGen      total 532480K, used 65178K [0x00000000d5580000, 0x0000000100000000, 0x0000000100000000)
  eden space 452608K, 0% used [0x00000000d5580000,0x00000000d5580000,0x00000000f0f80000)
  from space 79872K, 81% used [0x00000000f0f80000,0x00000000f4f26ac8,0x00000000f5d80000)
  to   space 87040K, 0% used [0x00000000fab00000,0x00000000fab00000,0x0000000100000000)
 ParOldGen       total 257536K, used 138392K [0x0000000080000000, 0x000000008fb80000, 0x00000000d5580000)
  object space 257536K, 53% used [0x0000000080000000,0x0000000088726330,0x000000008fb80000)
 Metaspace       used 109703K, capacity 116846K, committed 116904K, reserved 1150976K
  class space    used 14212K, capacity 15726K, committed 15784K, reserved 1048576K
}
Event: 301.443 GC heap before
{Heap before GC invocations=26 (full 4):
 PSYoungGen      total 532480K, used 517786K [0x00000000d5580000, 0x0000000100000000, 0x0000000100000000)
  eden space 452608K, 100% used [0x00000000d5580000,0x00000000f0f80000,0x00000000f0f80000)
  from space 79872K, 81% used [0x00000000f0f80000,0x00000000f4f26ac8,0x00000000f5d80000)
  to   space 87040K, 0% used [0x00000000fab00000,0x00000000fab00000,0x0000000100000000)
 ParOldGen       total 257536K, used 138392K [0x0000000080000000, 0x000000008fb80000, 0x00000000d5580000)
  object space 257536K, 53% used [0x0000000080000000,0x0000000088726330,0x000000008fb80000)
 Metaspace       used 109720K, capacity 116852K, committed 117160K, reserved 1150976K
  class space    used 14212K, capacity 15727K, committed 15784K, reserved 1048576K
Event: 301.605 GC heap after
Heap after GC invocations=26 (full 4):
 PSYoungGen      total 603648K, used 61256K [0x00000000d5580000, 0x0000000100000000, 0x0000000100000000)
  eden space 516608K, 0% used [0x00000000d5580000,0x00000000d5580000,0x00000000f4e00000)
  from space 87040K, 70% used [0x00000000fab00000,0x00000000fe6d2100,0x0000000100000000)
  to   space 91136K, 0% used [0x00000000f4e00000,0x00000000f4e00000,0x00000000fa700000)
 ParOldGen       total 257536K, used 138400K [0x0000000080000000, 0x000000008fb80000, 0x00000000d5580000)
  object space 257536K, 53% used [0x0000000080000000,0x0000000088728330,0x000000008fb80000)
 Metaspace       used 109720K, capacity 116852K, committed 117160K, reserved 1150976K
  class space    used 14212K, capacity 15727K, committed 15784K, reserved 1048576K
}
Event: 312.088 GC heap before
{Heap before GC invocations=27 (full 4):
 PSYoungGen      total 603648K, used 577864K [0x00000000d5580000, 0x0000000100000000, 0x0000000100000000)
  eden space 516608K, 100% used [0x00000000d5580000,0x00000000f4e00000,0x00000000f4e00000)
  from space 87040K, 70% used [0x00000000fab00000,0x00000000fe6d2100,0x0000000100000000)
  to   space 91136K, 0% used [0x00000000f4e00000,0x00000000f4e00000,0x00000000fa700000)
 ParOldGen       total 257536K, used 138400K [0x0000000080000000, 0x000000008fb80000, 0x00000000d5580000)
  object space 257536K, 53% used [0x0000000080000000,0x0000000088728330,0x000000008fb80000)
 Metaspace       used 110161K, capacity 117282K, committed 117416K, reserved 1150976K
  class space    used 14241K, capacity 15730K, committed 15784K, reserved 1048576K
Event: 312.217 GC heap after
Heap after GC invocations=27 (full 4):
 PSYoungGen      total 607744K, used 13749K [0x00000000d5580000, 0x0000000100000000, 0x0000000100000000)
  eden space 516608K, 0% used [0x00000000d5580000,0x00000000d5580000,0x00000000f4e00000)
  from space 91136K, 15% used [0x00000000f4e00000,0x00000000f5b6d470,0x00000000fa700000)
  to   space 90624K, 0% used [0x00000000fa780000,0x00000000fa780000,0x0000000100000000)
 ParOldGen       total 257536K, used 175203K [0x0000000080000000, 0x000000008fb80000, 0x00000000d5580000)
  object space 257536K, 68% used [0x0000000080000000,0x000000008ab18d48,0x000000008fb80000)
 Metaspace       used 110161K, capacity 117282K, committed 117416K, reserved 1150976K
  class space    used 14241K, capacity 15730K, committed 15784K, reserved 1048576K
}
Event: 324.655 GC heap before
{Heap before GC invocations=28 (full 4):
 PSYoungGen      total 607744K, used 530344K [0x00000000d5580000, 0x0000000100000000, 0x0000000100000000)
  eden space 516608K, 99% used [0x00000000d5580000,0x00000000f4dfcd68,0x00000000f4e00000)
  from space 91136K, 15% used [0x00000000f4e00000,0x00000000f5b6d470,0x00000000fa700000)
  to   space 90624K, 0% used [0x00000000fa780000,0x00000000fa780000,0x0000000100000000)
 ParOldGen       total 257536K, used 175203K [0x0000000080000000, 0x000000008fb80000, 0x00000000d5580000)
  object space 257536K, 68% used [0x0000000080000000,0x000000008ab18d48,0x000000008fb80000)
 Metaspace       used 113669K, capacity 120870K, committed 121256K, reserved 1155072K
  class space    used 14603K, capacity 16177K, committed 16296K, reserved 1048576K
Event: 324.772 GC heap after
Heap after GC invocations=28 (full 4):
 PSYoungGen      total 602112K, used 44179K [0x00000000d5580000, 0x00000000ffa80000, 0x0000000100000000)
  eden space 517120K, 0% used [0x00000000d5580000,0x00000000d5580000,0x00000000f4e80000)
  from space 84992K, 51% used [0x00000000fa780000,0x00000000fd2a4cb0,0x00000000ffa80000)
  to   space 88064K, 0% used [0x00000000f4e80000,0x00000000f4e80000,0x00000000fa480000)
 ParOldGen       total 257536K, used 181175K [0x0000000080000000, 0x000000008fb80000, 0x00000000d5580000)
  object space 257536K, 70% used [0x0000000080000000,0x000000008b0ede30,0x000000008fb80000)
 Metaspace       used 113669K, capacity 120870K, committed 121256K, reserved 1155072K
  class space    used 14603K, capacity 16177K, committed 16296K, reserved 1048576K
}
Event: 357.343 GC heap before
{Heap before GC invocations=29 (full 4):
 PSYoungGen      total 602112K, used 561299K [0x00000000d5580000, 0x00000000ffa80000, 0x0000000100000000)
  eden space 517120K, 100% used [0x00000000d5580000,0x00000000f4e80000,0x00000000f4e80000)
  from space 84992K, 51% used [0x00000000fa780000,0x00000000fd2a4cb0,0x00000000ffa80000)
  to   space 88064K, 0% used [0x00000000f4e80000,0x00000000f4e80000,0x00000000fa480000)
 ParOldGen       total 257536K, used 181175K [0x0000000080000000, 0x000000008fb80000, 0x00000000d5580000)
  object space 257536K, 70% used [0x0000000080000000,0x000000008b0ede30,0x000000008fb80000)
 Metaspace       used 115929K, capacity 123266K, committed 123560K, reserved 1157120K
  class space    used 14924K, capacity 16467K, committed 16552K, reserved 1048576K
Event: 357.413 GC heap after
Heap after GC invocations=29 (full 4):
 PSYoungGen      total 605184K, used 35304K [0x00000000d5580000, 0x00000000ff900000, 0x0000000100000000)
  eden space 517120K, 0% used [0x00000000d5580000,0x00000000d5580000,0x00000000f4e80000)
  from space 88064K, 40% used [0x00000000f4e80000,0x00000000f70fa2a8,0x00000000fa480000)
  to   space 82944K, 0% used [0x00000000fa800000,0x00000000fa800000,0x00000000ff900000)
 ParOldGen       total 257536K, used 182175K [0x0000000080000000, 0x000000008fb80000, 0x00000000d5580000)
  object space 257536K, 70% used [0x0000000080000000,0x000000008b1e7e90,0x000000008fb80000)
 Metaspace       used 115929K, capacity 123266K, committed 123560K, reserved 1157120K
  class space    used 14924K, capacity 16467K, committed 16552K, reserved 1048576K
}

Deoptimization events (10 events):
Event: 401.880 Thread 0x000000001b522800 Uncommon trap: reason=bimorphic action=maybe_recompile pc=0x00000000071544d0 method=com.sun.tools.javac.comp.Resolve.findIdent(Lcom/sun/tools/javac/comp/Env;Lcom/sun/tools/javac/util/Name;I)Lcom/sun/tools/javac/code/Symbol; @ 86
Event: 401.880 Thread 0x000000001b522800 Uncommon trap: reason=class_check action=maybe_recompile pc=0x0000000005dc5710 method=com.sun.tools.javac.code.Types.isSignaturePolymorphic(Lcom/sun/tools/javac/code/Symbol$MethodSymbol;)Z @ 4
Event: 401.882 Thread 0x000000001b522800 Uncommon trap: reason=unstable_if action=reinterpret pc=0x0000000007189c1c method=com.sun.tools.javac.jvm.ClassReader.setParameters(Lcom/sun/tools/javac/code/Symbol$MethodSymbol;Lcom/sun/tools/javac/code/Type;)V @ 49
Event: 401.938 Thread 0x000000001b522800 Uncommon trap: reason=bimorphic action=maybe_recompile pc=0x00000000071544d0 method=com.sun.tools.javac.comp.Resolve.findIdent(Lcom/sun/tools/javac/comp/Env;Lcom/sun/tools/javac/util/Name;I)Lcom/sun/tools/javac/code/Symbol; @ 86
Event: 401.938 Thread 0x000000001b522800 Uncommon trap: reason=bimorphic action=maybe_recompile pc=0x0000000007113400 method=com.sun.tools.javac.comp.Resolve.findIdent(Lcom/sun/tools/javac/comp/Env;Lcom/sun/tools/javac/util/Name;I)Lcom/sun/tools/javac/code/Symbol; @ 86
Event: 402.134 Thread 0x000000001b522800 Uncommon trap: reason=bimorphic action=maybe_recompile pc=0x00000000071d03e0 method=com.sun.tools.javac.comp.Check.checkUnique(Lcom/sun/tools/javac/util/JCDiagnostic$DiagnosticPosition;Lcom/sun/tools/javac/code/Symbol;Lcom/sun/tools/javac/code/Scope;)Z @ 
Event: 402.394 Thread 0x000000001b522800 Uncommon trap: reason=bimorphic action=maybe_recompile pc=0x0000000004f952dc method=com.sun.tools.javac.code.Type$ClassType.isErroneous()Z @ 1
Event: 402.426 Thread 0x000000001b522800 Uncommon trap: reason=bimorphic action=maybe_recompile pc=0x0000000004f952dc method=com.sun.tools.javac.code.Type$ClassType.isErroneous()Z @ 1
Event: 402.426 Thread 0x000000001b522800 Uncommon trap: reason=bimorphic action=maybe_recompile pc=0x0000000004f952dc method=com.sun.tools.javac.code.Type$ClassType.isErroneous()Z @ 1
Event: 402.426 Thread 0x000000001b522800 Uncommon trap: reason=bimorphic action=maybe_recompile pc=0x0000000004f952dc method=com.sun.tools.javac.code.Type$ClassType.isErroneous()Z @ 1

Classes redefined (0 events):
No events

Internal exceptions (10 events):
Event: 391.192 Thread 0x000000001b522800 Exception <a 'sun/nio/fs/WindowsException'> (0x00000000ddf05e00) thrown at [C:\src\AOSP-openjdk-git\hotspot\src\share\vm\prims\jni.cpp, line 710]
Event: 391.192 Thread 0x000000001b522800 Exception <a 'sun/nio/fs/WindowsException'> (0x00000000ddf06a68) thrown at [C:\src\AOSP-openjdk-git\hotspot\src\share\vm\prims\jni.cpp, line 710]
Event: 391.193 Thread 0x000000001b522800 Exception <a 'sun/nio/fs/WindowsException'> (0x00000000ddf07740) thrown at [C:\src\AOSP-openjdk-git\hotspot\src\share\vm\prims\jni.cpp, line 710]
Event: 391.209 Thread 0x000000001b522800 Exception <a 'sun/nio/fs/WindowsException'> (0x00000000ddf0da30) thrown at [C:\src\AOSP-openjdk-git\hotspot\src\share\vm\prims\jni.cpp, line 710]
Event: 391.209 Thread 0x000000001b522800 Exception <a 'sun/nio/fs/WindowsException'> (0x00000000ddf0e6e0) thrown at [C:\src\AOSP-openjdk-git\hotspot\src\share\vm\prims\jni.cpp, line 710]
Event: 391.210 Thread 0x000000001b522800 Exception <a 'sun/nio/fs/WindowsException'> (0x00000000ddf0f400) thrown at [C:\src\AOSP-openjdk-git\hotspot\src\share\vm\prims\jni.cpp, line 710]
Event: 391.211 Thread 0x000000001b522800 Exception <a 'sun/nio/fs/WindowsException'> (0x00000000ddf111e0) thrown at [C:\src\AOSP-openjdk-git\hotspot\src\share\vm\prims\jni.cpp, line 710]
Event: 391.211 Thread 0x000000001b522800 Exception <a 'sun/nio/fs/WindowsException'> (0x00000000ddf11ea0) thrown at [C:\src\AOSP-openjdk-git\hotspot\src\share\vm\prims\jni.cpp, line 710]
Event: 391.211 Thread 0x000000001b522800 Exception <a 'sun/nio/fs/WindowsException'> (0x00000000ddf12bd0) thrown at [C:\src\AOSP-openjdk-git\hotspot\src\share\vm\prims\jni.cpp, line 710]
Event: 397.877 Thread 0x000000001b522800 Implicit null exception at 0x00000000064b51a3 to 0x00000000064b521f

Events (10 events):
Event: 403.868 loading class dagger/internal/codegen/SourceFileGenerator
Event: 403.868 loading class dagger/internal/codegen/SourceFileGenerator done
Event: 403.871 loading class dagger/internal/codegen/ComponentGenerator
Event: 403.871 loading class dagger/internal/codegen/ComponentGenerator done
Event: 403.872 loading class dagger/internal/codegen/SourceFileGeneratorsModule$GeneratorModule
Event: 403.872 loading class dagger/internal/codegen/SourceFileGeneratorsModule$GeneratorModule done
Event: 403.873 loading class dagger/internal/codegen/SourceFileGeneratorsModule$ComponentModule
Event: 403.873 loading class dagger/internal/codegen/SourceFileGeneratorsModule$ComponentModule done
Event: 403.874 loading class dagger/internal/codegen/ProducerFactoryGenerator
Event: 403.874 loading class dagger/internal/codegen/ProducerFactoryGenerator done


Dynamic libraries:
0x00007ff7e1c20000 - 0x00007ff7e1c51000 	C:\Program Files\Android\Android Studio\jre\bin\java.exe
0x00007ffaa8290000 - 0x00007ffaa8471000 	C:\Windows\SYSTEM32\ntdll.dll
0x00007ffaa8180000 - 0x00007ffaa8232000 	C:\Windows\System32\KERNEL32.DLL
0x00007ffaa4850000 - 0x00007ffaa4ac3000 	C:\Windows\System32\KERNELBASE.dll
0x00007ffaa7230000 - 0x00007ffaa72d1000 	C:\Windows\System32\ADVAPI32.dll
0x00007ffaa59d0000 - 0x00007ffaa5a6e000 	C:\Windows\System32\msvcrt.dll
0x00007ffaa71d0000 - 0x00007ffaa722b000 	C:\Windows\System32\sechost.dll
0x00007ffaa6fa0000 - 0x00007ffaa70c4000 	C:\Windows\System32\RPCRT4.dll
0x00007ffaa77d0000 - 0x00007ffaa7960000 	C:\Windows\System32\USER32.dll
0x00007ffaa4830000 - 0x00007ffaa4850000 	C:\Windows\System32\win32u.dll
0x00007ffaa6eb0000 - 0x00007ffaa6ed8000 	C:\Windows\System32\GDI32.dll
0x00007ffaa4b80000 - 0x00007ffaa4d12000 	C:\Windows\System32\gdi32full.dll
0x00007ffaa4d20000 - 0x00007ffaa4dbf000 	C:\Windows\System32\msvcp_win.dll
0x00007ffaa46b0000 - 0x00007ffaa47aa000 	C:\Windows\System32\ucrtbase.dll
0x00007ffa94ba0000 - 0x00007ffa94e09000 	C:\Windows\WinSxS\amd64_microsoft.windows.common-controls_6595b64144ccf1df_6.0.17134.48_none_b4b2216a3cb4dd3e\COMCTL32.dll
0x00007ffaa73e0000 - 0x00007ffaa7703000 	C:\Windows\System32\combase.dll
0x00007ffaa47b0000 - 0x00007ffaa482a000 	C:\Windows\System32\bcryptPrimitives.dll
0x00007ffaa59a0000 - 0x00007ffaa59cd000 	C:\Windows\System32\IMM32.DLL
0x000000006e390000 - 0x000000006e462000 	C:\Program Files\Android\Android Studio\jre\jre\bin\msvcr100.dll
0x000000006e470000 - 0x000000006ecbb000 	C:\Program Files\Android\Android Studio\jre\jre\bin\server\jvm.dll
0x00007ffaa6ee0000 - 0x00007ffaa6ee8000 	C:\Windows\System32\PSAPI.DLL
0x00007ffaa31e0000 - 0x00007ffaa31ea000 	C:\Windows\SYSTEM32\VERSION.dll
0x00007ffaa23f0000 - 0x00007ffaa2413000 	C:\Windows\SYSTEM32\WINMM.dll
0x00007ffaa3210000 - 0x00007ffaa3219000 	C:\Windows\SYSTEM32\WSOCK32.dll
0x00007ffaa5720000 - 0x00007ffaa578c000 	C:\Windows\System32\WS2_32.dll
0x00007ffaa23c0000 - 0x00007ffaa23ea000 	C:\Windows\SYSTEM32\WINMMBASE.dll
0x00007ffaa4660000 - 0x00007ffaa46a9000 	C:\Windows\System32\cfgmgr32.dll
0x00007ffaa32c0000 - 0x00007ffaa32cf000 	C:\Program Files\Android\Android Studio\jre\jre\bin\verify.dll
0x00007ffaa2d70000 - 0x00007ffaa2d99000 	C:\Program Files\Android\Android Studio\jre\jre\bin\java.dll
0x00007ffa9ff70000 - 0x00007ffa9ff86000 	C:\Program Files\Android\Android Studio\jre\jre\bin\zip.dll
0x00007ffaa5a70000 - 0x00007ffaa6eb0000 	C:\Windows\System32\SHELL32.dll
0x00007ffaa6ef0000 - 0x00007ffaa6f99000 	C:\Windows\System32\shcore.dll
0x00007ffaa5010000 - 0x00007ffaa571d000 	C:\Windows\System32\windows.storage.dll
0x00007ffaa7770000 - 0x00007ffaa77c1000 	C:\Windows\System32\shlwapi.dll
0x00007ffaa4620000 - 0x00007ffaa4631000 	C:\Windows\System32\kernel.appcore.dll
0x00007ffaa45a0000 - 0x00007ffaa45bf000 	C:\Windows\System32\profapi.dll
0x00007ffaa45c0000 - 0x00007ffaa460c000 	C:\Windows\System32\powrprof.dll
0x00007ffaa4610000 - 0x00007ffaa461a000 	C:\Windows\System32\FLTLIB.DLL
0x00007ffa9ff50000 - 0x00007ffa9ff6a000 	C:\Program Files\Android\Android Studio\jre\jre\bin\net.dll
0x00007ffaa3e20000 - 0x00007ffaa3e86000 	C:\Windows\system32\mswsock.dll
0x00007ffa9c270000 - 0x00007ffa9c283000 	C:\Program Files\Android\Android Studio\jre\jre\bin\nio.dll
0x00007ffa9c530000 - 0x00007ffa9c556000 	C:\Users\Dell\.gradle\native\31\windows-amd64\native-platform.dll
0x00007ffa9c140000 - 0x00007ffa9c14d000 	C:\Program Files\Android\Android Studio\jre\jre\bin\management.dll
0x00007ffaa3fe0000 - 0x00007ffaa3ff7000 	C:\Windows\SYSTEM32\CRYPTSP.dll
0x00007ffaa3a00000 - 0x00007ffaa3a33000 	C:\Windows\system32\rsaenh.dll
0x00007ffaa4100000 - 0x00007ffaa4125000 	C:\Windows\SYSTEM32\bcrypt.dll
0x00007ffaa44a0000 - 0x00007ffaa44c8000 	C:\Windows\SYSTEM32\USERENV.dll
0x00007ffaa3fd0000 - 0x00007ffaa3fdb000 	C:\Windows\SYSTEM32\CRYPTBASE.dll
0x00007ffaa3ba0000 - 0x00007ffaa3bd8000 	C:\Windows\SYSTEM32\IPHLPAPI.DLL
0x00007ffaa5990000 - 0x00007ffaa5998000 	C:\Windows\System32\NSI.dll
0x00007ffa9e9c0000 - 0x00007ffa9e9d6000 	C:\Windows\SYSTEM32\dhcpcsvc6.DLL
0x00007ffa9ed40000 - 0x00007ffa9ed5a000 	C:\Windows\SYSTEM32\dhcpcsvc.DLL
0x00007ffa9c110000 - 0x00007ffa9c134000 	C:\Program Files\Android\Android Studio\jre\jre\bin\sunec.dll
0x00007ffaa3be0000 - 0x00007ffaa3c9e000 	C:\Windows\SYSTEM32\DNSAPI.dll
0x00007ffa9a280000 - 0x00007ffa9a28a000 	C:\Windows\System32\rasadhlp.dll
0x00007ffa9b1b0000 - 0x00007ffa9b222000 	C:\Windows\System32\fwpuclnt.dll
0x00007ffa9c640000 - 0x00007ffa9c64b000 	C:\Program Files\Android\Android Studio\jre\jre\bin\sunmscapi.dll
0x00007ffaa4dc0000 - 0x00007ffaa4fa2000 	C:\Windows\System32\CRYPT32.dll
0x00007ffaa4640000 - 0x00007ffaa4652000 	C:\Windows\System32\MSASN1.dll
0x00007ffaa3690000 - 0x00007ffaa36c1000 	C:\Windows\SYSTEM32\ntmarta.dll
0x00007ffaa24f0000 - 0x00007ffaa257b000 	C:\Windows\system32\apphelp.dll
0x00007ffa8e840000 - 0x00007ffa8e85e000 	C:\Users\Dell\AppData\Local\Temp\native-platform6393380068469276071dir\native-platform.dll
0x00007ffa94eb0000 - 0x00007ffa95079000 	C:\Windows\SYSTEM32\dbghelp.dll

VM Arguments:
jvm_args: -XX:MaxPermSize=512m -XX:+HeapDumpOnOutOfMemoryError -Xmx2048m -Dfile.encoding=UTF-8 -Duser.country=IN -Duser.language=en -Duser.variant 
java_command: org.gradle.launcher.daemon.bootstrap.GradleDaemon 6.1.1
java_class_path (initial): C:\Users\Dell\.gradle\wrapper\dists\gradle-6.1.1-all\cfmwm155h49vnt3hynmlrsdst\gradle-6.1.1\lib\gradle-launcher-6.1.1.jar
Launcher Type: SUN_STANDARD

Environment Variables:
PATH=C:\Program Files (x86)\Common Files\Oracle\Java\javapath;C:\Windows\system32;C:\Windows;C:\Windows\System32\Wbem;C:\Windows\System32\WindowsPowerShell\v1.0\;C:\Windows\System32\OpenSSH\;C:\Program Files\Git\cmd;C:\Program Files\Java\jdk1.8.0_251\bin;C:\Program Files (x86)\Subversion\bin;C:\Program Files\TortoiseSVN\bin;C:\Users\Dell\AppData\Local\Microsoft\WindowsApps;C:\Program Files\Java\jdk1.8.0_251\bin;
USERNAME=Dell
OS=Windows_NT
PROCESSOR_IDENTIFIER=Intel64 Family 6 Model 37 Stepping 2, GenuineIntel



---------------  S Y S T E M  ---------------

OS: Windows 10.0 , 64 bit Build 17134 (10.0.17134.1)

CPU:total 4 (initial active 4) (2 cores per cpu, 2 threads per core) family 6 model 37 stepping 2, cmov, cx8, fxsr, mmx, sse, sse2, sse3, ssse3, sse4.1, sse4.2, popcnt, ht, tsc, tscinvbit

Memory: 4k page, physical 8376868k(511948k free), swap 13892600k(1574932k free)

vm_info: OpenJDK 64-Bit Server VM (25.242-b01) for windows-amd64 JRE (1.8.0_242-release-1644-b01), built by "builder" with MS VC++ 10.0 (VS2010)

time: Fri Feb 26 23:24:45 2021
timezone: India Standard Time
elapsed time: 404 seconds (0d 0h 6m 44s)

